<?xml version="1.0" encoding="UTF-8"?>
<testng-results ignored="0" total="2" passed="2" failed="0" skipped="0">
  <reporter-output>
  </reporter-output>
  <suite started-at="2024-12-11T18:49:48Z" name="Default suite" finished-at="2024-12-11T18:50:04Z" duration-ms="16597">
    <groups>
      <group name="ErrorHandling">
        <method signature="ErrorValidationsTest.LoginErrorValidation()[pri:0, instance:practice.tests.ErrorValidationsTest@72c8e7b]" name="LoginErrorValidation" class="practice.tests.ErrorValidationsTest"/>
      </group> <!-- ErrorHandling -->
    </groups>
    <test started-at="2024-12-11T18:49:48Z" name="Default test" finished-at="2024-12-11T18:50:04Z" duration-ms="16597">
      <class name="practice.tests.ErrorValidationsTest">
        <test-method is-config="true" signature="launchApplication()[pri:0, instance:practice.tests.ErrorValidationsTest@72c8e7b]" started-at="2024-12-11T18:49:48Z" name="launchApplication" finished-at="2024-12-11T18:49:56Z" duration-ms="8581" status="PASS">
          <reporter-output>
          </reporter-output>
        </test-method> <!-- launchApplication -->
        <test-method signature="LoginErrorValidation()[pri:0, instance:practice.tests.ErrorValidationsTest@72c8e7b]" started-at="2024-12-11T18:49:56Z" name="LoginErrorValidation" finished-at="2024-12-11T18:49:57Z" duration-ms="818" status="PASS">
          <reporter-output>
          </reporter-output>
        </test-method> <!-- LoginErrorValidation -->
        <test-method is-config="true" signature="tearDown()[pri:0, instance:practice.tests.ErrorValidationsTest@72c8e7b]" started-at="2024-12-11T18:49:57Z" name="tearDown" finished-at="2024-12-11T18:49:57Z" duration-ms="207" status="PASS">
          <reporter-output>
          </reporter-output>
        </test-method> <!-- tearDown -->
        <test-method is-config="true" signature="launchApplication()[pri:0, instance:practice.tests.ErrorValidationsTest@72c8e7b]" started-at="2024-12-11T18:49:57Z" name="launchApplication" finished-at="2024-12-11T18:50:01Z" duration-ms="4147" status="PASS">
          <reporter-output>
          </reporter-output>
        </test-method> <!-- launchApplication -->
        <test-method signature="ProductErrorValidation()[pri:0, instance:practice.tests.ErrorValidationsTest@72c8e7b]" started-at="2024-12-11T18:50:01Z" name="ProductErrorValidation" finished-at="2024-12-11T18:50:04Z" duration-ms="2608" status="PASS">
          <reporter-output>
          </reporter-output>
        </test-method> <!-- ProductErrorValidation -->
        <test-method is-config="true" signature="tearDown()[pri:0, instance:practice.tests.ErrorValidationsTest@72c8e7b]" started-at="2024-12-11T18:50:04Z" name="tearDown" finished-at="2024-12-11T18:50:04Z" duration-ms="211" status="PASS">
          <reporter-output>
          </reporter-output>
        </test-method> <!-- tearDown -->
      </class> <!-- practice.tests.ErrorValidationsTest -->
    </test> <!-- Default test -->
  </suite> <!-- Default suite -->
</testng-results>
